[debug] [2024-04-08T07:42:27.170Z] ----------------------------------------------------------------------
[debug] [2024-04-08T07:42:27.171Z] Command:       C:\Program Files\nodejs\node.exe C:\Users\Adam\AppData\Roaming\npm\node_modules\firebase-tools\lib\bin\firebase.js init
[debug] [2024-04-08T07:42:27.172Z] CLI Version:   13.7.1
[debug] [2024-04-08T07:42:27.172Z] Platform:      win32
[debug] [2024-04-08T07:42:27.172Z] Node Version:  v18.18.0
[debug] [2024-04-08T07:42:27.172Z] Time:          Mon Apr 08 2024 15:42:27 GMT+0800 (Malaysia Time)
[debug] [2024-04-08T07:42:27.173Z] ----------------------------------------------------------------------
[debug] 
[debug] [2024-04-08T07:42:27.177Z] > command requires scopes: ["email","openid","https://www.googleapis.com/auth/cloudplatformprojects.readonly","https://www.googleapis.com/auth/firebase","https://www.googleapis.com/auth/cloud-platform"]
[debug] [2024-04-08T07:42:27.178Z] > authorizing via signed-in user (05adam.az@gmail.com)
[info] 
     ######## #### ########  ######## ########     ###     ######  ########
     ##        ##  ##     ## ##       ##     ##  ##   ##  ##       ##
     ######    ##  ########  ######   ########  #########  ######  ######
     ##        ##  ##    ##  ##       ##     ## ##     ##       ## ##
     ##       #### ##     ## ######## ########  ##     ##  ######  ########

You're about to initialize a Firebase project in this directory:

  C:\Users\Adam\1 Projects\Afterkelas

[info] 
=== Project Setup
[info] 
[info] First, let's associate this project directory with a Firebase project.
[info] You can create multiple project aliases by running firebase use --add, 
[info] but for now we'll just set up a default project.
[info] 
[debug] [2024-04-08T07:43:11.482Z] >>> [apiv2][query] GET https://firebase.googleapis.com/v1beta1/projects pageSize=100
[debug] [2024-04-08T07:43:12.509Z] <<< [apiv2][status] GET https://firebase.googleapis.com/v1beta1/projects 200
[debug] [2024-04-08T07:43:12.509Z] <<< [apiv2][body] GET https://firebase.googleapis.com/v1beta1/projects [omitted]
[info] i  Using project afterkelas-be02b (afterkelas) 
[info] 
=== Database Setup
[info] i  database: ensuring required API firebasedatabase.googleapis.com is enabled... 
[debug] [2024-04-08T07:43:14.067Z] >>> [apiv2][query] GET https://serviceusage.googleapis.com/v1/projects/afterkelas-be02b/services/firebasedatabase.googleapis.com [none]
[debug] [2024-04-08T07:43:14.067Z] >>> [apiv2][(partial)header] GET https://serviceusage.googleapis.com/v1/projects/afterkelas-be02b/services/firebasedatabase.googleapis.com x-goog-quota-user=projects/afterkelas-be02b
[debug] [2024-04-08T07:43:17.994Z] <<< [apiv2][status] GET https://serviceusage.googleapis.com/v1/projects/afterkelas-be02b/services/firebasedatabase.googleapis.com 200
[debug] [2024-04-08T07:43:17.994Z] <<< [apiv2][body] GET https://serviceusage.googleapis.com/v1/projects/afterkelas-be02b/services/firebasedatabase.googleapis.com [omitted]
[warn] !  database: missing required API firebasedatabase.googleapis.com. Enabling now... 
[debug] [2024-04-08T07:43:17.996Z] >>> [apiv2][query] POST https://serviceusage.googleapis.com/v1/projects/afterkelas-be02b/services/firebasedatabase.googleapis.com:enable [none]
[debug] [2024-04-08T07:43:17.996Z] >>> [apiv2][(partial)header] POST https://serviceusage.googleapis.com/v1/projects/afterkelas-be02b/services/firebasedatabase.googleapis.com:enable x-goog-quota-user=projects/afterkelas-be02b
[debug] [2024-04-08T07:43:28.651Z] <<< [apiv2][status] POST https://serviceusage.googleapis.com/v1/projects/afterkelas-be02b/services/firebasedatabase.googleapis.com:enable 200
[debug] [2024-04-08T07:43:28.651Z] <<< [apiv2][body] POST https://serviceusage.googleapis.com/v1/projects/afterkelas-be02b/services/firebasedatabase.googleapis.com:enable [omitted]
[debug] [2024-04-08T07:43:38.670Z] >>> [apiv2][query] GET https://serviceusage.googleapis.com/v1/projects/afterkelas-be02b/services/firebasedatabase.googleapis.com [none]
[debug] [2024-04-08T07:43:38.670Z] >>> [apiv2][(partial)header] GET https://serviceusage.googleapis.com/v1/projects/afterkelas-be02b/services/firebasedatabase.googleapis.com x-goog-quota-user=projects/afterkelas-be02b
[debug] [2024-04-08T07:43:40.618Z] <<< [apiv2][status] GET https://serviceusage.googleapis.com/v1/projects/afterkelas-be02b/services/firebasedatabase.googleapis.com 200
[debug] [2024-04-08T07:43:40.618Z] <<< [apiv2][body] GET https://serviceusage.googleapis.com/v1/projects/afterkelas-be02b/services/firebasedatabase.googleapis.com [omitted]
[info] +  database: required API firebasedatabase.googleapis.com is enabled 
[info] 
[debug] [2024-04-08T07:43:40.625Z] >>> [apiv2][query] GET https://firebase.googleapis.com/v1beta1/projects/afterkelas-be02b [none]
[debug] [2024-04-08T07:43:43.487Z] <<< [apiv2][status] GET https://firebase.googleapis.com/v1beta1/projects/afterkelas-be02b 200
[debug] [2024-04-08T07:43:43.487Z] <<< [apiv2][body] GET https://firebase.googleapis.com/v1beta1/projects/afterkelas-be02b {"projectId":"afterkelas-be02b","projectNumber":"52047069922","displayName":"afterkelas","name":"projects/afterkelas-be02b","resources":{"hostingSite":"afterkelas-be02b"},"state":"ACTIVE","etag":"1_6f091187-c70e-4f9f-8d83-4d1013ede9a3"}
